ID: 666373068, Name: fdf, Commits by mrizhakov: 4, Stars: 0, Forks: 0, Views: 0
ID: 958102494, Name: bigInt, Commits by mrizhakov: 6, Stars: 0, Forks: 0, Views: 0
ID: 884730430, Name: Starknet-AgentKit, Commits by mrizhakov: 1, Stars: 9, Forks: 1, Views: 1
Total API requests made: 10
Repos with commits by mrizhakov:
ID: 666373068, Name: fdf, Commits by mrizhakov: 4, Stars: 0, Forks: 0, Views: 0
ID: 958102494, Name: bigInt, Commits by mrizhakov: 6, Stars: 0, Forks: 0, Views: 0
ID: 884730430, Name: Starknet-AgentKit, Commits by mrizhakov: 1, Stars: 9, Forks: 1, Views: 1
Total API requests made: 10
Repos with commits by mrizhakov:
ID: 958102494, Name: bigInt, Commits by mrizhakov: 6, Stars: 0, Forks: 0, Views: 0
ID: 666373068, Name: fdf, Commits by mrizhakov: 4, Stars: 0, Forks: 0, Views: 0
ID: 884730430, Name: Starknet-AgentKit, Commits by mrizhakov: 1, Stars: 9, Forks: 1, Views: 1
Total API requests made: 10
Repos with commits by mrizhakov:
ID: 576979346, Name: 42, Commits by mrizhakov: 1, Stars: 0, Forks: 0, Views: 0
ID: 576980697, Name: 42-libft, Commits by mrizhakov: 1, Stars: 0, Forks: 0, Views: 0
ID: 993807431, Name: aa_private_test_repo, Commits by mrizhakov: 1, Stars: 1, Forks: 0, Views: 0
ID: 896396189, Name: agent_pod, Commits by mrizhakov: 25, Stars: 2, Forks: 1, Views: 0
ID: 790305626, Name: another_minishell, Commits by mrizhakov: 1, Stars: 0, Forks: 0, Views: 1
ID: 958102494, Name: bigInt, Commits by mrizhakov: 6, Stars: 0, Forks: 0, Views: 0
ID: 901979961, Name: convinceme_back, Commits by mrizhakov: 16, Stars: 3, Forks: 0, Views: 0
ID: 900867406, Name: convinceme-fe, Commits by mrizhakov: 2, Stars: 3, Forks: 0, Views: 0
ID: 752792545, Name: CPP-Modules, Commits by mrizhakov: 78, Stars: 0, Forks: 0, Views: 19
ID: 777839417, Name: cub3d, Commits by mrizhakov: 75, Stars: 0, Forks: 1, Views: 4
ID: 666373068, Name: fdf, Commits by mrizhakov: 4, Stars: 0, Forks: 0, Views: 0
ID: 668824646, Name: fdf2, Commits by mrizhakov: 2, Stars: 0, Forks: 0, Views: 4
ID: 670239278, Name: fdf3, Commits by mrizhakov: 9, Stars: 0, Forks: 0, Views: 1
ID: 139843466, Name: fend-project-memory-game, Commits by mrizhakov: 19, Stars: 0, Forks: 0, Views: 0
ID: 764881072, Name: First-Dapp, Commits by mrizhakov: 1, Stars: 0, Forks: 0, Views: 0
ID: 589207650, Name: get_next_line, Commits by mrizhakov: 6, Stars: 0, Forks: 0, Views: 4
